[12:18:41] [main/INFO] [GradleStart]: No arguments specified, assuming client.
[12:18:41] [main/INFO] [GradleStart]: Extra: []
[12:18:55] [main/INFO] [GradleStart]: No arguments specified, assuming client.
[12:18:55] [main/INFO] [GradleStart]: Extra: []
[12:19:39] [main/INFO] [GradleStart]: No arguments specified, assuming client.
[12:19:39] [main/INFO] [GradleStart]: Extra: []
[12:24:04] [main/INFO] [GradleStart]: No arguments specified, assuming client.
[12:24:04] [main/INFO] [GradleStart]: Extra: []
[12:24:04] [main/INFO] [GradleStart]: Running with arguments: [--userProperties, {}, --username, ForgeDevName, --tweakClass, cpw.mods.fml.common.launcher.FMLTweaker, --accessToken, FML, --assetIndex, 1.7.10, --assetsDir, C:/Users/Christopher/.gradle/caches/minecraft/assets, --version, 1.7.10]
[12:24:04] [main/INFO] [LaunchWrapper]: Loading tweak class name cpw.mods.fml.common.launcher.FMLTweaker
[12:24:04] [main/INFO] [LaunchWrapper]: Using primary tweak class name cpw.mods.fml.common.launcher.FMLTweaker
[12:24:04] [main/INFO] [LaunchWrapper]: Calling tweak class cpw.mods.fml.common.launcher.FMLTweaker
[12:24:46] [main/INFO] [GradleStart]: No arguments specified, assuming client.
[12:24:46] [main/INFO] [GradleStart]: Extra: []
[12:24:46] [main/INFO] [GradleStart]: Running with arguments: [--userProperties, {}, --username, ForgeDevName, --tweakClass, cpw.mods.fml.common.launcher.FMLTweaker, --accessToken, FML, --assetIndex, 1.7.10, --assetsDir, C:/Users/Christopher/.gradle/caches/minecraft/assets, --version, 1.7.10]
[12:24:46] [main/INFO] [LaunchWrapper]: Loading tweak class name cpw.mods.fml.common.launcher.FMLTweaker
[12:24:46] [main/INFO] [LaunchWrapper]: Using primary tweak class name cpw.mods.fml.common.launcher.FMLTweaker
[12:24:46] [main/INFO] [LaunchWrapper]: Calling tweak class cpw.mods.fml.common.launcher.FMLTweaker
[13:07:19] [main/INFO] [GradleStart]: No arguments specified, assuming client.
[13:07:19] [main/INFO] [GradleStart]: Extra: []
[13:07:19] [main/INFO] [GradleStart]: Running with arguments: [--userProperties, {}, --username, ForgeDevName, --tweakClass, cpw.mods.fml.common.launcher.FMLTweaker, --accessToken, FML, --assetIndex, 1.7.10, --assetsDir, C:/Users/Christopher/.gradle/caches/minecraft/assets, --version, 1.7.10]
[13:07:19] [main/INFO] [LaunchWrapper]: Loading tweak class name cpw.mods.fml.common.launcher.FMLTweaker
[13:07:19] [main/INFO] [LaunchWrapper]: Using primary tweak class name cpw.mods.fml.common.launcher.FMLTweaker
[13:07:19] [main/INFO] [LaunchWrapper]: Calling tweak class cpw.mods.fml.common.launcher.FMLTweaker
[13:11:12] [main/INFO] [GradleStart]: No arguments specified, assuming client.
[13:11:12] [main/INFO] [GradleStart]: Extra: []
[13:11:12] [main/INFO] [GradleStart]: Running with arguments: [--userProperties, {}, --username, ForgeDevName, --tweakClass, cpw.mods.fml.common.launcher.FMLTweaker, --accessToken, FML, --assetIndex, 1.7.10, --assetsDir, C:/Users/Christopher/.gradle/caches/minecraft/assets, --version, 1.7.10]
[13:11:12] [main/INFO] [LaunchWrapper]: Loading tweak class name cpw.mods.fml.common.launcher.FMLTweaker
[13:11:12] [main/INFO] [LaunchWrapper]: Using primary tweak class name cpw.mods.fml.common.launcher.FMLTweaker
[13:11:12] [main/INFO] [LaunchWrapper]: Calling tweak class cpw.mods.fml.common.launcher.FMLTweaker
[13:12:00] [main/INFO] [GradleStart]: No arguments specified, assuming client.
[13:12:00] [main/INFO] [GradleStart]: Extra: []
[13:12:00] [main/INFO] [GradleStart]: Running with arguments: [--userProperties, {}, --username, ForgeDevName, --tweakClass, cpw.mods.fml.common.launcher.FMLTweaker, --accessToken, FML, --assetIndex, 1.7.10, --assetsDir, C:/Users/Christopher/.gradle/caches/minecraft/assets, --version, 1.7.10]
[13:12:00] [main/INFO] [LaunchWrapper]: Loading tweak class name cpw.mods.fml.common.launcher.FMLTweaker
[13:12:00] [main/INFO] [LaunchWrapper]: Using primary tweak class name cpw.mods.fml.common.launcher.FMLTweaker
[13:12:00] [main/INFO] [LaunchWrapper]: Calling tweak class cpw.mods.fml.common.launcher.FMLTweaker
